<?xml version="1.0" encoding="UTF-8"?>
<!-- Generated by org.testng.reporters.JUnitXMLReporter -->
<testsuite hostname="DESKTOP-F2LTFAU" ignored="0" name="Default test" tests="3" failures="0" timestamp="2020-09-05T18:52:19 ALMT" time="57.835" errors="0">
  <testcase name="multipleLogin" time="13.465" classname="com.syntax.class03.LoginPageTest"/>
  <testcase name="multipleLogin" time="10.742" classname="com.syntax.class03.LoginPageTest"/>
  <testcase name="multipleLogin" time="10.863" classname="com.syntax.class03.LoginPageTest"/>
</testsuite> <!-- Default test -->
