<?xml version="1.0" encoding="UTF-8"?>
<!-- Generated by org.testng.reporters.JUnitXMLReporter -->
<testsuite hostname="DESKTOP-F2LTFAU" ignored="2" name="Smoke Test" tests="1" failures="0" timestamp="2020-09-05T21:30:40 ALMT" time="29.211" errors="0">
  <testcase name="validLogin" time="18.402" classname="com.syntax.class03.GroupsExample"/>
  <testcase name="multipleLogin" time="0.0" classname="com.syntax.class03.LoginPageTest">
    <ignored/>
  </testcase> <!-- multipleLogin -->
  <testcase name="invalidLogin" time="0.0" classname="com.syntax.class03.GroupsExample">
    <ignored/>
  </testcase> <!-- invalidLogin -->
</testsuite> <!-- Smoke Test -->
