<?xml version="1.0" encoding="UTF-8"?>
<!-- Generated by org.testng.reporters.JUnitXMLReporter -->
<testsuite hostname="DESKTOP-F2LTFAU" ignored="1" name="Regression Test" tests="1" failures="0" timestamp="2020-09-05T12:21:37 ALMT" time="11.704" errors="0">
  <testcase name="invalidLogin" time="0.144" classname="com.syntax.class03.GroupsExample"/>
  <testcase name="validLogin" time="0.0" classname="com.syntax.class03.GroupsExample">
    <ignored/>
  </testcase> <!-- validLogin -->
</testsuite> <!-- Regression Test -->
