<?xml version="1.0" encoding="UTF-8"?>
<!-- Generated by org.testng.reporters.JUnitXMLReporter -->
<testsuite hostname="DESKTOP-F2LTFAU" ignored="2" name="Regression Test" tests="1" failures="0" timestamp="2020-09-05T22:12:35 ALMT" time="10.374" errors="0">
  <testcase name="invalidLogin" time="0.184" classname="com.syntax.class03.GroupsExample"/>
  <testcase name="multipleLogin" time="0.0" classname="com.syntax.class03.LoginPageTest">
    <ignored/>
  </testcase> <!-- multipleLogin -->
  <testcase name="validLogin" time="0.0" classname="com.syntax.class03.GroupsExample">
    <ignored/>
  </testcase> <!-- validLogin -->
</testsuite> <!-- Regression Test -->
